<?xml version="1.0" encoding="UTF-8" ?>
<testsuite tests="4" failures="1" name="com.qa.SeleniumReadWrite.ExcelParaTest" time="13.602" errors="0" skipped="0">
  <properties>
[...]
</properties>
  <testcase classname="com.qa.SeleniumReadWrite.ExcelParaTest" name="testOne[0]" time="3.567"/>
  <testcase classname="com.qa.SeleniumReadWrite.ExcelParaTest" name="testOne[1]" time="4.127"/>
  <testcase classname="com.qa.SeleniumReadWrite.ExcelParaTest" name="testOne[2]" time="2.916">
    <failure type="java.lang.AssertionError">java.lang.AssertionError
	at org.junit.Assert.fail(Assert.java:86)
	at org.junit.Assert.fail(Assert.java:95)
	at com.qa.SeleniumReadWrite.ExcelParaTest.testOne(ExcelParaTest.java:110)
	at sun.reflect.NativeMethodAccessorImpl.invoke0(Native Method)
	at sun.reflect.NativeMethodAccessorImpl.invoke(NativeMethodAccessorImpl.java:62)
	at sun.reflect.DelegatingMethodAccessorImpl.invoke(DelegatingMethodAccessorImpl.java:43)
	at java.lang.reflect.Method.invoke(Method.java:498)
	at org.junit.runners.model.FrameworkMethod$1.runReflectiveCall(FrameworkMethod.java:50)
	at org.junit.internal.runners.model.ReflectiveCallable.run(ReflectiveCallable.java:12)
	at org.junit.runners.model.FrameworkMethod.invokeExplosively(FrameworkMethod.java:47)
	at org.junit.internal.runners.statements.InvokeMethod.evaluate(InvokeMethod.java:17)
	at org.junit.internal.runners.statements.RunBefores.evaluate(RunBefores.java:26)
	at org.junit.internal.runners.statements.RunAfters.evaluate(RunAfters.java:27)
	at org.junit.runners.ParentRunner.runLeaf(ParentRunner.java:325)
	at org.junit.runners.BlockJUnit4ClassRunner.runChild(BlockJUnit4ClassRunner.java:78)
	at org.junit.runners.BlockJUnit4ClassRunner.runChild(BlockJUnit4ClassRunner.java:57)
	at org.junit.runners.ParentRunner$3.run(ParentRunner.java:290)
	at org.junit.runners.ParentRunner$1.schedule(ParentRunner.java:71)
	at org.junit.runners.ParentRunner.runChildren(ParentRunner.java:288)
	at org.junit.runners.ParentRunner.access$000(ParentRunner.java:58)
	at org.junit.runners.ParentRunner$2.evaluate(ParentRunner.java:268)
	at org.junit.runners.ParentRunner.run(ParentRunner.java:363)
	at org.junit.runners.Suite.runChild(Suite.java:128)
	at org.junit.runners.Suite.runChild(Suite.java:27)
	at org.junit.runners.ParentRunner$3.run(ParentRunner.java:290)
	at org.junit.runners.ParentRunner$1.schedule(ParentRunner.java:71)
	at org.junit.runners.ParentRunner.runChildren(ParentRunner.java:288)
	at org.junit.runners.ParentRunner.access$000(ParentRunner.java:58)
	at org.junit.runners.ParentRunner$2.evaluate(ParentRunner.java:268)
	at org.junit.runners.ParentRunner.run(ParentRunner.java:363)
	at org.apache.maven.surefire.junit4.JUnit4Provider.execute(JUnit4Provider.java:252)
	at org.apache.maven.surefire.junit4.JUnit4Provider.executeTestSet(JUnit4Provider.java:141)
	at org.apache.maven.surefire.junit4.JUnit4Provider.invoke(JUnit4Provider.java:112)
	at sun.reflect.NativeMethodAccessorImpl.invoke0(Native Method)
	at sun.reflect.NativeMethodAccessorImpl.invoke(NativeMethodAccessorImpl.java:62)
	at sun.reflect.DelegatingMethodAccessorImpl.invoke(DelegatingMethodAccessorImpl.java:43)
	at java.lang.reflect.Method.invoke(Method.java:498)
	at org.apache.maven.surefire.util.ReflectionUtils.invokeMethodWithArray(ReflectionUtils.java:189)
	at org.apache.maven.surefire.booter.ProviderFactory$ProviderProxy.invoke(ProviderFactory.java:165)
	at org.apache.maven.surefire.booter.ProviderFactory.invokeProvider(ProviderFactory.java:85)
	at org.apache.maven.surefire.booter.ForkedBooter.runSuitesInProcess(ForkedBooter.java:115)
	at org.apache.maven.surefire.booter.ForkedBooter.main(ForkedBooter.java:75)
</failure>
    <system-out>TestThree passThree **Successful Login** 3
actual result needs to be printed in row:3
</system-out>
    <system-err>Jan 31, 2019 4:20:09 PM org.openqa.selenium.phantomjs.PhantomJSDriverService &lt;init&gt;
INFO: executable: C:\Users\Admin\Desktop\phantomjs-2.1.1-windows\bin\phantomjs.exe
Jan 31, 2019 4:20:09 PM org.openqa.selenium.phantomjs.PhantomJSDriverService &lt;init&gt;
INFO: port: 17454
Jan 31, 2019 4:20:09 PM org.openqa.selenium.phantomjs.PhantomJSDriverService &lt;init&gt;
INFO: arguments: [--webdriver=17454, --webdriver-logfile=C:\Users\Admin\eclipse-workspace\SeleniumReadWritePhantom\phantomjsdriver.log]
Jan 31, 2019 4:20:09 PM org.openqa.selenium.phantomjs.PhantomJSDriverService &lt;init&gt;
INFO: environment: {}
[INFO  - 2019-01-31T16:20:10.652Z] GhostDriver - Main - running on port 17454
[INFO  - 2019-01-31T16:20:10.917Z] Session [14ed2270-2574-11e9-aedc-3ba1a8a9766f] - page.settings - {&quot;XSSAuditingEnabled&quot;:false,&quot;javascriptCanCloseWindows&quot;:true,&quot;javascriptCanOpenWindows&quot;:true,&quot;javascriptEnabled&quot;:true,&quot;loadImages&quot;:true,&quot;locaJan 31, 2019 4:20:10 PM org.openqa.selenium.remote.ProtocolHandshake createSession
INFO: Detected dialect: OSS
lToRemoteUrlAccessEnabled&quot;:false,&quot;userAgent&quot;:&quot;Mozilla/5.0 (Windows NT 6.2; WOW64) AppleWebKit/538.1 (KHTML, like Gecko) PhantomJS/2.1.1 Safari/538.1&quot;,&quot;webSecurityEnabled&quot;:true}
[INFO  - 2019-01-31T16:20:10.917Z] Session [14ed2270-2574-11e9-aedc-3ba1a8a9766f] - page.customHeaders:  - {}
[INFO  - 2019-01-31T16:20:10.917Z] Session [14ed2270-2574-11e9-aedc-3ba1a8a9766f] - Session.negotiatedCapabilities - {&quot;browserName&quot;:&quot;phantomjs&quot;,&quot;version&quot;:&quot;2.1.1&quot;,&quot;driverName&quot;:&quot;ghostdriver&quot;,&quot;driverVersion&quot;:&quot;1.2.0&quot;,&quot;platform&quot;:&quot;windows-10-32bit&quot;,&quot;javascriptEnabled&quot;:true,&quot;takesScreenshot&quot;:true,&quot;handlesAlerts&quot;:false,&quot;databaseEnabled&quot;:false,&quot;locationContextEnabled&quot;:false,&quot;applicationCacheEnabled&quot;:false,&quot;browserConnectionEnabled&quot;:false,&quot;cssSelectorsEnabled&quot;:true,&quot;webStorageEnabled&quot;:false,&quot;rotatable&quot;:false,&quot;acceptSslCerts&quot;:false,&quot;nativeEvents&quot;:true,&quot;proxy&quot;:{&quot;proxyType&quot;:&quot;direct&quot;}}
[INFO  - 2019-01-31T16:20:10.918Z] SessionManagerReqHand - _postNewSessionCommand - New Session Created: 14ed2270-2574-11e9-aedc-3ba1a8a9766f
</system-err>
  </testcase>
  <testcase classname="com.qa.SeleniumReadWrite.ExcelParaTest" name="testOne[3]" time="2.992"/>
</testsuite>